<?xml version="1.0" encoding="UTF-8"?>
<!-- Generated by org.testng.reporters.JUnitReportReporter -->
<testsuite hostname="Sammed0007" failures="0" tests="4" name="testcases.HomePageTest" time="26.703" errors="0" timestamp="2025-08-06T01:42:26 IST" skipped="0">
  <testcase classname="testcases.HomePageTest" name="validateSliderBannerNavigation" time="3.806"/>
  <testcase classname="testcases.HomePageTest" name="validateSliderBannerNavigation" time="6.123"/>
  <testcase classname="testcases.HomePageTest" name="validateTopMenuNavigation" time="6.388"/>
  <testcase classname="testcases.HomePageTest" name="validateTopMenuNavigation" time="10.386"/>
</testsuite> <!-- testcases.HomePageTest -->
