<?xml version="1.0" encoding="UTF-8"?>
<!-- Generated by org.testng.reporters.JUnitReportReporter -->
<testsuite hostname="Sammed0007" failures="0" tests="1" name="testcases.RegisterTest" time="2.824" errors="0" timestamp="2025-08-03T20:19:40 IST" skipped="0">
  <testcase classname="testcases.RegisterTest" name="registerNewUserTest" time="2.824"/>
</testsuite> <!-- testcases.RegisterTest -->
