<?xml version="1.0" encoding="UTF-8"?>
<!-- Generated by org.testng.reporters.JUnitReportReporter -->
<testsuite hostname="Sammed0007" failures="0" tests="2" name="testcases.RegisterTest" time="5.611" errors="0" timestamp="2025-08-06T01:42:26 IST" skipped="0">
  <testcase classname="testcases.RegisterTest" name="registerNewUserTest" time="2.776"/>
  <testcase classname="testcases.RegisterTest" name="registerNewUserTest" time="2.835"/>
</testsuite> <!-- testcases.RegisterTest -->
