<?xml version="1.0" encoding="UTF-8"?>
<!-- Generated by org.testng.reporters.JUnitReportReporter -->
<testsuite hostname="Sammed0007" failures="0" tests="1" name="testcases.RegisterTest" time="43.597" errors="0" timestamp="2025-07-20T18:19:02 IST" skipped="0">
  <testcase classname="testcases.RegisterTest" name="registerNewUserTest" time="43.597"/>
</testsuite> <!-- testcases.RegisterTest -->
