<?xml version="1.0" encoding="UTF-8"?>
<!-- Generated by org.testng.reporters.JUnitReportReporter -->
<testsuite hostname="Sammed0007" failures="0" tests="1" name="testcases.AddToCartTest" time="5.851" errors="0" timestamp="2025-08-03T22:47:54 IST" skipped="0">
  <testcase classname="testcases.AddToCartTest" name="testAddToCart" time="5.851"/>
</testsuite> <!-- testcases.AddToCartTest -->
