<?xml version="1.0" encoding="UTF-8"?>
<!-- Generated by org.testng.reporters.JUnitReportReporter -->
<testsuite hostname="Sammed0007" failures="0" tests="10" name="testcases.LoginTest" time="17.240" errors="0" timestamp="2025-08-06T01:42:26 IST" skipped="0">
  <testcase classname="testcases.LoginTest" name="loginTest" time="1.209"/>
  <testcase classname="testcases.LoginTest" name="loginTest" time="3.312"/>
  <testcase classname="testcases.LoginTest" name="loginTest" time="1.448"/>
  <testcase classname="testcases.LoginTest" name="loginTest" time="1.768"/>
  <testcase classname="testcases.LoginTest" name="loginTest" time="0.828"/>
  <testcase classname="testcases.LoginTest" name="loginTest" time="1.190"/>
  <testcase classname="testcases.LoginTest" name="loginTest" time="1.522"/>
  <testcase classname="testcases.LoginTest" name="loginTest" time="3.027"/>
  <testcase classname="testcases.LoginTest" name="loginTest" time="1.360"/>
  <testcase classname="testcases.LoginTest" name="loginTest" time="1.576"/>
</testsuite> <!-- testcases.LoginTest -->
